<?xml version="1.0" encoding="UTF-8"?>
<!-- Generated by org.testng.reporters.JUnitXMLReporter -->
<testsuite hostname="Ty-Deepak-Tr" ignored="0" name="Test-Runner-1" tests="2" failures="0" timestamp="2021-02-27T13:15:21 IST" time="0.067" errors="0">
  <testcase name="@BeforeClass configBeforeClassParllel" time="-1.614411921457E9" classname="com.crm.comcast.genericutility.BaseClass">
    <failure type="org.testng.TestNGException" message="
Parameter &amp;apos;BROWSER&amp;apos; is required by BeforeClass on method configBeforeClassParllel but has not been marked @Optional or defined
in C:\Users\Deepak\git\repository6\SDET_10-Selenium\testng_distrubuted_parallel.xml">
      <![CDATA[org.testng.TestNGException: 
Parameter 'BROWSER' is required by BeforeClass on method configBeforeClassParllel but has not been marked @Optional or defined
in C:\Users\Deepak\git\repository6\SDET_10-Selenium\testng_distrubuted_parallel.xml
at java.util.ArrayList.forEach(ArrayList.java:1257)
at java.util.concurrent.FutureTask.run(FutureTask.java:266)
at java.util.concurrent.ThreadPoolExecutor.runWorker(ThreadPoolExecutor.java:1149)
at java.util.concurrent.ThreadPoolExecutor$Worker.run(ThreadPoolExecutor.java:624)
at java.lang.Thread.run(Thread.java:748)
... Removed 13 stack frames]]>
    </failure>
  </testcase> <!-- @BeforeClass configBeforeClassParllel -->
  <testcase name="@BeforeClass configBeforeClassParllel" time="-1.614411921457E9" classname="com.crm.comcast.genericutility.BaseClass">
    <failure type="org.testng.TestNGException" message="
Parameter &amp;apos;BROWSER&amp;apos; is required by BeforeClass on method configBeforeClassParllel but has not been marked @Optional or defined
in C:\Users\Deepak\git\repository6\SDET_10-Selenium\testng_distrubuted_parallel.xml">
      <![CDATA[org.testng.TestNGException: 
Parameter 'BROWSER' is required by BeforeClass on method configBeforeClassParllel but has not been marked @Optional or defined
in C:\Users\Deepak\git\repository6\SDET_10-Selenium\testng_distrubuted_parallel.xml
at java.util.ArrayList.forEach(ArrayList.java:1257)
at java.util.concurrent.FutureTask.run(FutureTask.java:266)
at java.util.concurrent.ThreadPoolExecutor.runWorker(ThreadPoolExecutor.java:1149)
at java.util.concurrent.ThreadPoolExecutor$Worker.run(ThreadPoolExecutor.java:624)
at java.lang.Thread.run(Thread.java:748)
... Removed 13 stack frames]]>
    </failure>
  </testcase> <!-- @BeforeClass configBeforeClassParllel -->
  <testcase name="@BeforeMethod configBeforeMtd" time="-1.614411921486E9" classname="com.crm.comcast.genericutility.BaseClass">
    <skipped/>
  </testcase> <!-- @BeforeMethod configBeforeMtd -->
  <testcase name="@BeforeMethod configBeforeMtd" time="-1.614411921486E9" classname="com.crm.comcast.genericutility.BaseClass">
    <skipped/>
  </testcase> <!-- @BeforeMethod configBeforeMtd -->
  <testcase name="@AfterMethod configAfterMethod" time="-1.614411921494E9" classname="com.crm.comcast.genericutility.BaseClass">
    <skipped/>
  </testcase> <!-- @AfterMethod configAfterMethod -->
  <testcase name="@AfterMethod configAfterMethod" time="-1.614411921496E9" classname="com.crm.comcast.genericutility.BaseClass">
    <skipped/>
  </testcase> <!-- @AfterMethod configAfterMethod -->
  <testcase name="@BeforeMethod configBeforeMtd" time="-1.614411921498E9" classname="com.crm.comcast.genericutility.BaseClass">
    <skipped/>
  </testcase> <!-- @BeforeMethod configBeforeMtd -->
  <testcase name="@BeforeMethod configBeforeMtd" time="-1.6144119215E9" classname="com.crm.comcast.genericutility.BaseClass">
    <skipped/>
  </testcase> <!-- @BeforeMethod configBeforeMtd -->
  <testcase name="@AfterMethod configAfterMethod" time="-1.614411921502E9" classname="com.crm.comcast.genericutility.BaseClass">
    <skipped/>
  </testcase> <!-- @AfterMethod configAfterMethod -->
  <testcase name="@AfterClass configAfterClass" time="-1.614411921504E9" classname="com.crm.comcast.genericutility.BaseClass">
    <skipped/>
  </testcase> <!-- @AfterClass configAfterClass -->
  <testcase name="@AfterMethod configAfterMethod" time="-1.614411921507E9" classname="com.crm.comcast.genericutility.BaseClass">
    <skipped/>
  </testcase> <!-- @AfterMethod configAfterMethod -->
  <testcase name="@AfterClass configAfterClass" time="-1.614411921509E9" classname="com.crm.comcast.genericutility.BaseClass">
    <skipped/>
  </testcase> <!-- @AfterClass configAfterClass -->
  <testcase name="createOrganizationTest" time="0.0" classname="com.crm.comcast.organizationtest.CreateOrgTest">
    <skipped/>
  </testcase> <!-- createOrganizationTest -->
  <testcase name="createOrganizationWithIndustryTest" time="0.0" classname="com.crm.comcast.organizationtest.CreateOrgTest">
    <skipped/>
  </testcase> <!-- createOrganizationWithIndustryTest -->
</testsuite> <!-- Test-Runner-1 -->
