<?xml version="1.0" encoding="UTF-8"?>
<!-- Generated by org.testng.reporters.JUnitReportReporter -->
<testsuite skipped="2" hostname="Ty-Deepak-Tr" name="com.crm.comcast.organizationtest.CreateOrgTest" tests="3" failures="0" timestamp="2021-02-27T13:15:21 IST" time="-1614411904.000" errors="1">
  <testcase name="createOrganizationTest" time="0.000" classname="com.crm.comcast.organizationtest.CreateOrgTest">
    <skipped/>
  </testcase> <!-- createOrganizationTest -->
  <system-out/>
  <testcase name="createOrganizationWithIndustryTest" time="0.000" classname="com.crm.comcast.organizationtest.CreateOrgTest">
    <skipped/>
  </testcase> <!-- createOrganizationWithIndustryTest -->
  <system-out/>
  <testcase name="configBeforeClassParllel" time="-1614411904.000" classname="com.crm.comcast.organizationtest.CreateOrgTest">
    <error type="org.testng.TestNGException" message="
Parameter &#039;BROWSER&#039; is required by BeforeClass on method configBeforeClassParllel but has not been marked @Optional or defined
in C:\Users\Deepak\git\repository6\SDET_10-Selenium\testng_distrubuted_parallel.xml">
      <![CDATA[org.testng.TestNGException: 
Parameter 'BROWSER' is required by BeforeClass on method configBeforeClassParllel but has not been marked @Optional or defined
in C:\Users\Deepak\git\repository6\SDET_10-Selenium\testng_distrubuted_parallel.xml
at org.testng.internal.Parameters.createParams(Parameters.java:268)
at org.testng.internal.Parameters.createParametersForMethod(Parameters.java:356)
at org.testng.internal.Parameters.createParameters(Parameters.java:700)
at org.testng.internal.Parameters.createConfigurationParameters(Parameters.java:166)
at org.testng.internal.ConfigInvoker.invokeConfigurations(ConfigInvoker.java:301)
at org.testng.internal.TestMethodWorker.invokeBeforeClassMethods(TestMethodWorker.java:176)
at org.testng.internal.TestMethodWorker.run(TestMethodWorker.java:122)
at java.util.ArrayList.forEach(ArrayList.java:1257)
at org.testng.TestRunner.privateRun(TestRunner.java:764)
at org.testng.TestRunner.run(TestRunner.java:585)
at org.testng.SuiteRunner.runTest(SuiteRunner.java:384)
at org.testng.SuiteRunner.access$000(SuiteRunner.java:28)
at org.testng.SuiteRunner$SuiteWorker.run(SuiteRunner.java:425)
at org.testng.internal.thread.ThreadUtil.lambda$execute$0(ThreadUtil.java:66)
at java.util.concurrent.FutureTask.run(FutureTask.java:266)
at java.util.concurrent.ThreadPoolExecutor.runWorker(ThreadPoolExecutor.java:1149)
at java.util.concurrent.ThreadPoolExecutor$Worker.run(ThreadPoolExecutor.java:624)
at java.lang.Thread.run(Thread.java:748)
]]>
    </error>
  </testcase> <!-- configBeforeClassParllel -->
  <system-out/>
</testsuite> <!-- com.crm.comcast.organizationtest.CreateOrgTest -->
