<!DOCTYPE html PUBLIC "-//W3C//DTD XHTML 1.1//EN" "https://www.w3.org/TR/xhtml11/DTD/xhtml11.dtd">
<html xmlns="https://www.w3.org/1999/xhtml">
<head>
<meta http-equiv="content-type" content="text/html; charset=UTF-8"/>
<title>TestNG Report</title>
<style type="text/css">table {margin-bottom:10px;border-collapse:collapse;empty-cells:show}th,td {border:1px solid #009;padding:.25em .5em}th {vertical-align:bottom}td {vertical-align:top}table a {font-weight:bold}.stripe td {background-color: #E6EBF9}.num {text-align:right}.passedodd td {background-color: #3F3}.passedeven td {background-color: #0A0}.skippedodd td {background-color: #DDD}.skippedeven td {background-color: #CCC}.failedodd td,.attn {background-color: #F33}.failedeven td,.stripe .attn {background-color: #D00}.stacktrace {white-space:pre;font-family:monospace}.totop {font-size:85%;text-align:center;border-bottom:2px solid #000}.invisible {display:none}</style>
</head>
<body>
<table>
<tr><th>Test</th><th># Passed</th><th># Skipped</th><th># Retried</th><th># Failed</th><th>Time (ms)</th><th>Included Groups</th><th>Excluded Groups</th></tr>
<tr><th colspan="8">Suite</th></tr>
<tr><td><a href="#t0">Test-Runner-2</a></td><td class="num">0</td><td class="num attn">2</td><td class="num">0</td><td class="num">0</td><td class="num">74</td><td></td><td></td></tr>
<tr class="stripe"><td><a href="#t1">Test-Runner-1</a></td><td class="num">0</td><td class="num attn">2</td><td class="num">0</td><td class="num">0</td><td class="num">67</td><td></td><td></td></tr>
<tr><th>Total</th><th class="num">0</th><th class="num attn">4</th><th class="num">0</th><th class="num">0</th><th class="num">141</th><th colspan="2"></th></tr>
</table>
<table id='summary'><thead><tr><th>Class</th><th>Method</th><th>Start</th><th>Time (ms)</th></tr></thead><tbody><tr><th colspan="4">Suite</th></tr></tbody><tbody id="t0"><tr><th colspan="4">Test-Runner-2 &#8212; failed (configuration methods)</th></tr><tr class="failedeven"><td rowspan="1">com.crm.comcast.contacttest.CreateContact</td><td><a href="#m0">configBeforeClassParllel</a></td><td rowspan="1">1614411921457</td><td rowspan="1">-1614411921457</td></tr><tr><th colspan="4">Test-Runner-2 &#8212; skipped (configuration methods)</th></tr><tr class="skippedeven"><td rowspan="5">com.crm.comcast.contacttest.CreateContact</td><td><a href="#m1">configAfterClass</a></td><td rowspan="1">1614411921509</td><td rowspan="1">-1614411921509</td></tr><tr class="skippedeven"><td><a href="#m2">configAfterMethod</a></td><td rowspan="2">1614411921496</td><td rowspan="2">-1614411921496</td></tr><tr class="skippedeven"><td><a href="#m3">configAfterMethod</a></td></tr><tr class="skippedeven"><td><a href="#m4">configBeforeMtd</a></td><td rowspan="2">1614411921500</td><td rowspan="2">-1614411921500</td></tr><tr class="skippedeven"><td><a href="#m5">configBeforeMtd</a></td></tr><tr><th colspan="4">Test-Runner-2 &#8212; skipped</th></tr><tr class="skippedeven"><td rowspan="2">com.crm.comcast.contacttest.CreateContact</td><td><a href="#m6">createContact</a></td><td rowspan="1">1614411921490</td><td rowspan="1">0</td></tr><tr class="skippedeven"><td><a href="#m7">createContactWithOrg</a></td><td rowspan="1">1614411921503</td><td rowspan="1">0</td></tr></tbody>
<tbody id="t1"><tr><th colspan="4">Test-Runner-1 &#8212; failed (configuration methods)</th></tr><tr class="failedeven"><td rowspan="1">com.crm.comcast.organizationtest.CreateOrgTest</td><td><a href="#m8">configBeforeClassParllel</a></td><td rowspan="1">1614411921457</td><td rowspan="1">-1614411921457</td></tr><tr><th colspan="4">Test-Runner-1 &#8212; skipped (configuration methods)</th></tr><tr class="skippedeven"><td rowspan="5">com.crm.comcast.organizationtest.CreateOrgTest</td><td><a href="#m9">configAfterClass</a></td><td rowspan="1">1614411921504</td><td rowspan="1">-1614411921504</td></tr><tr class="skippedeven"><td><a href="#m10">configAfterMethod</a></td><td rowspan="2">1614411921494</td><td rowspan="2">-1614411921494</td></tr><tr class="skippedeven"><td><a href="#m11">configAfterMethod</a></td></tr><tr class="skippedeven"><td><a href="#m12">configBeforeMtd</a></td><td rowspan="2">1614411921486</td><td rowspan="2">-1614411921486</td></tr><tr class="skippedeven"><td><a href="#m13">configBeforeMtd</a></td></tr><tr><th colspan="4">Test-Runner-1 &#8212; skipped</th></tr><tr class="skippedeven"><td rowspan="2">com.crm.comcast.organizationtest.CreateOrgTest</td><td><a href="#m14">createOrganizationTest</a></td><td rowspan="1">1614411921489</td><td rowspan="1">0</td></tr><tr class="skippedeven"><td><a href="#m15">createOrganizationWithIndustryTest</a></td><td rowspan="1">1614411921499</td><td rowspan="1">0</td></tr></tbody>
</table>
<h2>Test-Runner-2</h2><h3 id="m0">com.crm.comcast.contacttest.CreateContact#configBeforeClassParllel</h3><table class="result"><tr><th>Exception</th></tr><tr><td><div class="stacktrace">org.testng.TestNGException: 
Parameter &apos;BROWSER&apos; is required by BeforeClass on method configBeforeClassParllel but has not been marked @Optional or defined
in C:\Users\Deepak\git\repository6\SDET_10-Selenium\testng_distrubuted_parallel.xml
	at java.util.ArrayList.forEach(ArrayList.java:1257)
	at java.util.concurrent.FutureTask.run(FutureTask.java:266)
	at java.util.concurrent.ThreadPoolExecutor.runWorker(ThreadPoolExecutor.java:1149)
	at java.util.concurrent.ThreadPoolExecutor$Worker.run(ThreadPoolExecutor.java:624)
	at java.lang.Thread.run(Thread.java:748)
... Removed 13 stack frames</div></td></tr></table><p class="totop"><a href="#summary">back to summary</a></p>
<h3 id="m1">com.crm.comcast.contacttest.CreateContact#configAfterClass</h3><table class="result"><tr><th class="invisible"/></tr></table><p class="totop"><a href="#summary">back to summary</a></p>
<h3 id="m2">com.crm.comcast.contacttest.CreateContact#configAfterMethod</h3><table class="result"><tr><th class="invisible"/></tr></table><p class="totop"><a href="#summary">back to summary</a></p>
<h3 id="m3">com.crm.comcast.contacttest.CreateContact#configAfterMethod</h3><table class="result"><tr><th class="invisible"/></tr></table><p class="totop"><a href="#summary">back to summary</a></p>
<h3 id="m4">com.crm.comcast.contacttest.CreateContact#configBeforeMtd</h3><table class="result"><tr><th class="invisible"/></tr></table><p class="totop"><a href="#summary">back to summary</a></p>
<h3 id="m5">com.crm.comcast.contacttest.CreateContact#configBeforeMtd</h3><table class="result"><tr><th class="invisible"/></tr></table><p class="totop"><a href="#summary">back to summary</a></p>
<h3 id="m6">com.crm.comcast.contacttest.CreateContact#createContact</h3><table class="result"><tr><th>Exception</th></tr><tr><td><div class="stacktrace">org.testng.TestNGException: 
Parameter &apos;BROWSER&apos; is required by BeforeClass on method configBeforeClassParllel but has not been marked @Optional or defined
in C:\Users\Deepak\git\repository6\SDET_10-Selenium\testng_distrubuted_parallel.xml
	at java.util.ArrayList.forEach(ArrayList.java:1257)
	at java.util.concurrent.FutureTask.run(FutureTask.java:266)
	at java.util.concurrent.ThreadPoolExecutor.runWorker(ThreadPoolExecutor.java:1149)
	at java.util.concurrent.ThreadPoolExecutor$Worker.run(ThreadPoolExecutor.java:624)
	at java.lang.Thread.run(Thread.java:748)
... Removed 13 stack frames</div></td></tr></table><p class="totop"><a href="#summary">back to summary</a></p>
<h3 id="m7">com.crm.comcast.contacttest.CreateContact#createContactWithOrg</h3><table class="result"><tr><th>Exception</th></tr><tr><td><div class="stacktrace">org.testng.TestNGException: 
Parameter &apos;BROWSER&apos; is required by BeforeClass on method configBeforeClassParllel but has not been marked @Optional or defined
in C:\Users\Deepak\git\repository6\SDET_10-Selenium\testng_distrubuted_parallel.xml
	at java.util.ArrayList.forEach(ArrayList.java:1257)
	at java.util.concurrent.FutureTask.run(FutureTask.java:266)
	at java.util.concurrent.ThreadPoolExecutor.runWorker(ThreadPoolExecutor.java:1149)
	at java.util.concurrent.ThreadPoolExecutor$Worker.run(ThreadPoolExecutor.java:624)
	at java.lang.Thread.run(Thread.java:748)
... Removed 13 stack frames</div></td></tr></table><p class="totop"><a href="#summary">back to summary</a></p>
<h2>Test-Runner-1</h2><h3 id="m8">com.crm.comcast.organizationtest.CreateOrgTest#configBeforeClassParllel</h3><table class="result"><tr><th>Exception</th></tr><tr><td><div class="stacktrace">org.testng.TestNGException: 
Parameter &apos;BROWSER&apos; is required by BeforeClass on method configBeforeClassParllel but has not been marked @Optional or defined
in C:\Users\Deepak\git\repository6\SDET_10-Selenium\testng_distrubuted_parallel.xml
	at java.util.ArrayList.forEach(ArrayList.java:1257)
	at java.util.concurrent.FutureTask.run(FutureTask.java:266)
	at java.util.concurrent.ThreadPoolExecutor.runWorker(ThreadPoolExecutor.java:1149)
	at java.util.concurrent.ThreadPoolExecutor$Worker.run(ThreadPoolExecutor.java:624)
	at java.lang.Thread.run(Thread.java:748)
... Removed 13 stack frames</div></td></tr></table><p class="totop"><a href="#summary">back to summary</a></p>
<h3 id="m9">com.crm.comcast.organizationtest.CreateOrgTest#configAfterClass</h3><table class="result"><tr><th class="invisible"/></tr></table><p class="totop"><a href="#summary">back to summary</a></p>
<h3 id="m10">com.crm.comcast.organizationtest.CreateOrgTest#configAfterMethod</h3><table class="result"><tr><th class="invisible"/></tr></table><p class="totop"><a href="#summary">back to summary</a></p>
<h3 id="m11">com.crm.comcast.organizationtest.CreateOrgTest#configAfterMethod</h3><table class="result"><tr><th class="invisible"/></tr></table><p class="totop"><a href="#summary">back to summary</a></p>
<h3 id="m12">com.crm.comcast.organizationtest.CreateOrgTest#configBeforeMtd</h3><table class="result"><tr><th class="invisible"/></tr></table><p class="totop"><a href="#summary">back to summary</a></p>
<h3 id="m13">com.crm.comcast.organizationtest.CreateOrgTest#configBeforeMtd</h3><table class="result"><tr><th class="invisible"/></tr></table><p class="totop"><a href="#summary">back to summary</a></p>
<h3 id="m14">com.crm.comcast.organizationtest.CreateOrgTest#createOrganizationTest</h3><table class="result"><tr><th>Exception</th></tr><tr><td><div class="stacktrace">org.testng.TestNGException: 
Parameter &apos;BROWSER&apos; is required by BeforeClass on method configBeforeClassParllel but has not been marked @Optional or defined
in C:\Users\Deepak\git\repository6\SDET_10-Selenium\testng_distrubuted_parallel.xml
	at java.util.ArrayList.forEach(ArrayList.java:1257)
	at java.util.concurrent.FutureTask.run(FutureTask.java:266)
	at java.util.concurrent.ThreadPoolExecutor.runWorker(ThreadPoolExecutor.java:1149)
	at java.util.concurrent.ThreadPoolExecutor$Worker.run(ThreadPoolExecutor.java:624)
	at java.lang.Thread.run(Thread.java:748)
... Removed 13 stack frames</div></td></tr></table><p class="totop"><a href="#summary">back to summary</a></p>
<h3 id="m15">com.crm.comcast.organizationtest.CreateOrgTest#createOrganizationWithIndustryTest</h3><table class="result"><tr><th>Exception</th></tr><tr><td><div class="stacktrace">org.testng.TestNGException: 
Parameter &apos;BROWSER&apos; is required by BeforeClass on method configBeforeClassParllel but has not been marked @Optional or defined
in C:\Users\Deepak\git\repository6\SDET_10-Selenium\testng_distrubuted_parallel.xml
	at java.util.ArrayList.forEach(ArrayList.java:1257)
	at java.util.concurrent.FutureTask.run(FutureTask.java:266)
	at java.util.concurrent.ThreadPoolExecutor.runWorker(ThreadPoolExecutor.java:1149)
	at java.util.concurrent.ThreadPoolExecutor$Worker.run(ThreadPoolExecutor.java:624)
	at java.lang.Thread.run(Thread.java:748)
... Removed 13 stack frames</div></td></tr></table><p class="totop"><a href="#summary">back to summary</a></p>
</body>
</html>
