<?xml version="1.0" encoding="UTF-8"?>
<testng-results skipped="4" failed="0" ignored="0" total="4" passed="0">
  <reporter-output>
  </reporter-output>
  <suite name="Suite" duration-ms="74" started-at="2021-02-27T13:15:21 IST" finished-at="2021-02-27T13:15:21 IST">
    <groups>
      <group name="regressionTest">
        <method signature="CreateOrgTest.createOrganizationWithIndustryTest()[pri:0, instance:com.crm.comcast.organizationtest.CreateOrgTest@536aaa8d]" name="createOrganizationWithIndustryTest" class="com.crm.comcast.organizationtest.CreateOrgTest"/>
        <method signature="CreateContact.createContactWithOrg()[pri:0, instance:com.crm.comcast.contacttest.CreateContact@7a187f14]" name="createContactWithOrg" class="com.crm.comcast.contacttest.CreateContact"/>
      </group> <!-- regressionTest -->
      <group name="smokeTest">
        <method signature="CreateOrgTest.createOrganizationTest()[pri:0, instance:com.crm.comcast.organizationtest.CreateOrgTest@536aaa8d]" name="createOrganizationTest" class="com.crm.comcast.organizationtest.CreateOrgTest"/>
        <method signature="CreateContact.createContact()[pri:0, instance:com.crm.comcast.contacttest.CreateContact@7a187f14]" name="createContact" class="com.crm.comcast.contacttest.CreateContact"/>
      </group> <!-- smokeTest -->
    </groups>
    <test name="Test-Runner-2" duration-ms="74" started-at="2021-02-27T13:15:21 IST" finished-at="2021-02-27T13:15:21 IST">
      <class name="com.crm.comcast.contacttest.CreateContact">
        <test-method status="PASS" signature="configBeforeSuite()[pri:0, instance:com.crm.comcast.contacttest.CreateContact@7a187f14]" name="configBeforeSuite" is-config="true" duration-ms="324" started-at="2021-02-27T13:15:21 IST" finished-at="2021-02-27T13:15:21 IST">
          <reporter-output>
          </reporter-output>
        </test-method> <!-- configBeforeSuite -->
        <test-method status="FAIL" signature="configBeforeClassParllel(java.lang.String)[pri:0, instance:com.crm.comcast.contacttest.CreateContact@7a187f14]" name="configBeforeClassParllel" is-config="true" duration-ms="-1614411921457" started-at="2021-02-27T13:15:21 IST" finished-at="1970-01-01T05:30:00 IST">
          <exception class="org.testng.TestNGException">
            <message>
              <![CDATA[
Parameter 'BROWSER' is required by BeforeClass on method configBeforeClassParllel but has not been marked @Optional or defined
in C:\Users\Deepak\git\repository6\SDET_10-Selenium\testng_distrubuted_parallel.xml]]>
            </message>
            <full-stacktrace>
              <![CDATA[org.testng.TestNGException: 
Parameter 'BROWSER' is required by BeforeClass on method configBeforeClassParllel but has not been marked @Optional or defined
in C:\Users\Deepak\git\repository6\SDET_10-Selenium\testng_distrubuted_parallel.xml
at org.testng.internal.Parameters.createParams(Parameters.java:268)
at org.testng.internal.Parameters.createParametersForMethod(Parameters.java:356)
at org.testng.internal.Parameters.createParameters(Parameters.java:700)
at org.testng.internal.Parameters.createConfigurationParameters(Parameters.java:166)
at org.testng.internal.ConfigInvoker.invokeConfigurations(ConfigInvoker.java:301)
at org.testng.internal.TestMethodWorker.invokeBeforeClassMethods(TestMethodWorker.java:176)
at org.testng.internal.TestMethodWorker.run(TestMethodWorker.java:122)
at java.util.ArrayList.forEach(ArrayList.java:1257)
at org.testng.TestRunner.privateRun(TestRunner.java:764)
at org.testng.TestRunner.run(TestRunner.java:585)
at org.testng.SuiteRunner.runTest(SuiteRunner.java:384)
at org.testng.SuiteRunner.access$000(SuiteRunner.java:28)
at org.testng.SuiteRunner$SuiteWorker.run(SuiteRunner.java:425)
at org.testng.internal.thread.ThreadUtil.lambda$execute$0(ThreadUtil.java:66)
at java.util.concurrent.FutureTask.run(FutureTask.java:266)
at java.util.concurrent.ThreadPoolExecutor.runWorker(ThreadPoolExecutor.java:1149)
at java.util.concurrent.ThreadPoolExecutor$Worker.run(ThreadPoolExecutor.java:624)
at java.lang.Thread.run(Thread.java:748)
]]>
            </full-stacktrace>
          </exception> <!-- org.testng.TestNGException -->
          <reporter-output>
          </reporter-output>
        </test-method> <!-- configBeforeClassParllel -->
        <test-method status="SKIP" signature="configBeforeMtd()[pri:0, instance:com.crm.comcast.contacttest.CreateContact@7a187f14]" name="configBeforeMtd" is-config="true" duration-ms="-1614411921486" started-at="2021-02-27T13:15:21 IST" finished-at="1970-01-01T05:30:00 IST">
          <reporter-output>
          </reporter-output>
        </test-method> <!-- configBeforeMtd -->
        <test-method status="SKIP" signature="createContact()[pri:0, instance:com.crm.comcast.contacttest.CreateContact@7a187f14]" name="createContact" duration-ms="0" started-at="2021-02-27T13:15:21 IST" finished-at="2021-02-27T13:15:21 IST">
          <exception class="org.testng.TestNGException">
            <message>
              <![CDATA[
Parameter 'BROWSER' is required by BeforeClass on method configBeforeClassParllel but has not been marked @Optional or defined
in C:\Users\Deepak\git\repository6\SDET_10-Selenium\testng_distrubuted_parallel.xml]]>
            </message>
            <full-stacktrace>
              <![CDATA[org.testng.TestNGException: 
Parameter 'BROWSER' is required by BeforeClass on method configBeforeClassParllel but has not been marked @Optional or defined
in C:\Users\Deepak\git\repository6\SDET_10-Selenium\testng_distrubuted_parallel.xml
at org.testng.internal.Parameters.createParams(Parameters.java:268)
at org.testng.internal.Parameters.createParametersForMethod(Parameters.java:356)
at org.testng.internal.Parameters.createParameters(Parameters.java:700)
at org.testng.internal.Parameters.createConfigurationParameters(Parameters.java:166)
at org.testng.internal.ConfigInvoker.invokeConfigurations(ConfigInvoker.java:301)
at org.testng.internal.TestMethodWorker.invokeBeforeClassMethods(TestMethodWorker.java:176)
at org.testng.internal.TestMethodWorker.run(TestMethodWorker.java:122)
at java.util.ArrayList.forEach(ArrayList.java:1257)
at org.testng.TestRunner.privateRun(TestRunner.java:764)
at org.testng.TestRunner.run(TestRunner.java:585)
at org.testng.SuiteRunner.runTest(SuiteRunner.java:384)
at org.testng.SuiteRunner.access$000(SuiteRunner.java:28)
at org.testng.SuiteRunner$SuiteWorker.run(SuiteRunner.java:425)
at org.testng.internal.thread.ThreadUtil.lambda$execute$0(ThreadUtil.java:66)
at java.util.concurrent.FutureTask.run(FutureTask.java:266)
at java.util.concurrent.ThreadPoolExecutor.runWorker(ThreadPoolExecutor.java:1149)
at java.util.concurrent.ThreadPoolExecutor$Worker.run(ThreadPoolExecutor.java:624)
at java.lang.Thread.run(Thread.java:748)
]]>
            </full-stacktrace>
          </exception> <!-- org.testng.TestNGException -->
          <reporter-output>
          </reporter-output>
        </test-method> <!-- createContact -->
        <test-method status="SKIP" signature="configAfterMethod()[pri:0, instance:com.crm.comcast.contacttest.CreateContact@7a187f14]" name="configAfterMethod" is-config="true" duration-ms="-1614411921496" started-at="2021-02-27T13:15:21 IST" finished-at="1970-01-01T05:30:00 IST">
          <reporter-output>
          </reporter-output>
        </test-method> <!-- configAfterMethod -->
        <test-method status="SKIP" signature="configBeforeMtd()[pri:0, instance:com.crm.comcast.contacttest.CreateContact@7a187f14]" name="configBeforeMtd" is-config="true" duration-ms="-1614411921500" started-at="2021-02-27T13:15:21 IST" finished-at="1970-01-01T05:30:00 IST">
          <reporter-output>
          </reporter-output>
        </test-method> <!-- configBeforeMtd -->
        <test-method status="SKIP" signature="createContactWithOrg()[pri:0, instance:com.crm.comcast.contacttest.CreateContact@7a187f14]" name="createContactWithOrg" duration-ms="0" started-at="2021-02-27T13:15:21 IST" finished-at="2021-02-27T13:15:21 IST">
          <exception class="org.testng.TestNGException">
            <message>
              <![CDATA[
Parameter 'BROWSER' is required by BeforeClass on method configBeforeClassParllel but has not been marked @Optional or defined
in C:\Users\Deepak\git\repository6\SDET_10-Selenium\testng_distrubuted_parallel.xml]]>
            </message>
            <full-stacktrace>
              <![CDATA[org.testng.TestNGException: 
Parameter 'BROWSER' is required by BeforeClass on method configBeforeClassParllel but has not been marked @Optional or defined
in C:\Users\Deepak\git\repository6\SDET_10-Selenium\testng_distrubuted_parallel.xml
at org.testng.internal.Parameters.createParams(Parameters.java:268)
at org.testng.internal.Parameters.createParametersForMethod(Parameters.java:356)
at org.testng.internal.Parameters.createParameters(Parameters.java:700)
at org.testng.internal.Parameters.createConfigurationParameters(Parameters.java:166)
at org.testng.internal.ConfigInvoker.invokeConfigurations(ConfigInvoker.java:301)
at org.testng.internal.TestMethodWorker.invokeBeforeClassMethods(TestMethodWorker.java:176)
at org.testng.internal.TestMethodWorker.run(TestMethodWorker.java:122)
at java.util.ArrayList.forEach(ArrayList.java:1257)
at org.testng.TestRunner.privateRun(TestRunner.java:764)
at org.testng.TestRunner.run(TestRunner.java:585)
at org.testng.SuiteRunner.runTest(SuiteRunner.java:384)
at org.testng.SuiteRunner.access$000(SuiteRunner.java:28)
at org.testng.SuiteRunner$SuiteWorker.run(SuiteRunner.java:425)
at org.testng.internal.thread.ThreadUtil.lambda$execute$0(ThreadUtil.java:66)
at java.util.concurrent.FutureTask.run(FutureTask.java:266)
at java.util.concurrent.ThreadPoolExecutor.runWorker(ThreadPoolExecutor.java:1149)
at java.util.concurrent.ThreadPoolExecutor$Worker.run(ThreadPoolExecutor.java:624)
at java.lang.Thread.run(Thread.java:748)
]]>
            </full-stacktrace>
          </exception> <!-- org.testng.TestNGException -->
          <reporter-output>
          </reporter-output>
        </test-method> <!-- createContactWithOrg -->
        <test-method status="SKIP" signature="configAfterMethod()[pri:0, instance:com.crm.comcast.contacttest.CreateContact@7a187f14]" name="configAfterMethod" is-config="true" duration-ms="-1614411921507" started-at="2021-02-27T13:15:21 IST" finished-at="1970-01-01T05:30:00 IST">
          <reporter-output>
          </reporter-output>
        </test-method> <!-- configAfterMethod -->
        <test-method status="SKIP" signature="configAfterClass()[pri:0, instance:com.crm.comcast.contacttest.CreateContact@7a187f14]" name="configAfterClass" is-config="true" duration-ms="-1614411921509" started-at="2021-02-27T13:15:21 IST" finished-at="1970-01-01T05:30:00 IST">
          <reporter-output>
          </reporter-output>
        </test-method> <!-- configAfterClass -->
        <test-method status="PASS" signature="configAfterSuite()[pri:0, instance:com.crm.comcast.contacttest.CreateContact@7a187f14]" name="configAfterSuite" is-config="true" duration-ms="10" started-at="2021-02-27T13:15:21 IST" finished-at="2021-02-27T13:15:21 IST">
          <reporter-output>
          </reporter-output>
        </test-method> <!-- configAfterSuite -->
      </class> <!-- com.crm.comcast.contacttest.CreateContact -->
    </test> <!-- Test-Runner-2 -->
    <test name="Test-Runner-1" duration-ms="67" started-at="2021-02-27T13:15:21 IST" finished-at="2021-02-27T13:15:21 IST">
      <class name="com.crm.comcast.organizationtest.CreateOrgTest">
        <test-method status="FAIL" signature="configBeforeClassParllel(java.lang.String)[pri:0, instance:com.crm.comcast.organizationtest.CreateOrgTest@536aaa8d]" name="configBeforeClassParllel" is-config="true" duration-ms="-1614411921457" started-at="2021-02-27T13:15:21 IST" finished-at="1970-01-01T05:30:00 IST">
          <exception class="org.testng.TestNGException">
            <message>
              <![CDATA[
Parameter 'BROWSER' is required by BeforeClass on method configBeforeClassParllel but has not been marked @Optional or defined
in C:\Users\Deepak\git\repository6\SDET_10-Selenium\testng_distrubuted_parallel.xml]]>
            </message>
            <full-stacktrace>
              <![CDATA[org.testng.TestNGException: 
Parameter 'BROWSER' is required by BeforeClass on method configBeforeClassParllel but has not been marked @Optional or defined
in C:\Users\Deepak\git\repository6\SDET_10-Selenium\testng_distrubuted_parallel.xml
at org.testng.internal.Parameters.createParams(Parameters.java:268)
at org.testng.internal.Parameters.createParametersForMethod(Parameters.java:356)
at org.testng.internal.Parameters.createParameters(Parameters.java:700)
at org.testng.internal.Parameters.createConfigurationParameters(Parameters.java:166)
at org.testng.internal.ConfigInvoker.invokeConfigurations(ConfigInvoker.java:301)
at org.testng.internal.TestMethodWorker.invokeBeforeClassMethods(TestMethodWorker.java:176)
at org.testng.internal.TestMethodWorker.run(TestMethodWorker.java:122)
at java.util.ArrayList.forEach(ArrayList.java:1257)
at org.testng.TestRunner.privateRun(TestRunner.java:764)
at org.testng.TestRunner.run(TestRunner.java:585)
at org.testng.SuiteRunner.runTest(SuiteRunner.java:384)
at org.testng.SuiteRunner.access$000(SuiteRunner.java:28)
at org.testng.SuiteRunner$SuiteWorker.run(SuiteRunner.java:425)
at org.testng.internal.thread.ThreadUtil.lambda$execute$0(ThreadUtil.java:66)
at java.util.concurrent.FutureTask.run(FutureTask.java:266)
at java.util.concurrent.ThreadPoolExecutor.runWorker(ThreadPoolExecutor.java:1149)
at java.util.concurrent.ThreadPoolExecutor$Worker.run(ThreadPoolExecutor.java:624)
at java.lang.Thread.run(Thread.java:748)
]]>
            </full-stacktrace>
          </exception> <!-- org.testng.TestNGException -->
          <reporter-output>
          </reporter-output>
        </test-method> <!-- configBeforeClassParllel -->
        <test-method status="SKIP" signature="configBeforeMtd()[pri:0, instance:com.crm.comcast.organizationtest.CreateOrgTest@536aaa8d]" name="configBeforeMtd" is-config="true" duration-ms="-1614411921486" started-at="2021-02-27T13:15:21 IST" finished-at="1970-01-01T05:30:00 IST">
          <reporter-output>
          </reporter-output>
        </test-method> <!-- configBeforeMtd -->
        <test-method status="SKIP" signature="createOrganizationTest()[pri:0, instance:com.crm.comcast.organizationtest.CreateOrgTest@536aaa8d]" name="createOrganizationTest" duration-ms="0" started-at="2021-02-27T13:15:21 IST" finished-at="2021-02-27T13:15:21 IST">
          <exception class="org.testng.TestNGException">
            <message>
              <![CDATA[
Parameter 'BROWSER' is required by BeforeClass on method configBeforeClassParllel but has not been marked @Optional or defined
in C:\Users\Deepak\git\repository6\SDET_10-Selenium\testng_distrubuted_parallel.xml]]>
            </message>
            <full-stacktrace>
              <![CDATA[org.testng.TestNGException: 
Parameter 'BROWSER' is required by BeforeClass on method configBeforeClassParllel but has not been marked @Optional or defined
in C:\Users\Deepak\git\repository6\SDET_10-Selenium\testng_distrubuted_parallel.xml
at org.testng.internal.Parameters.createParams(Parameters.java:268)
at org.testng.internal.Parameters.createParametersForMethod(Parameters.java:356)
at org.testng.internal.Parameters.createParameters(Parameters.java:700)
at org.testng.internal.Parameters.createConfigurationParameters(Parameters.java:166)
at org.testng.internal.ConfigInvoker.invokeConfigurations(ConfigInvoker.java:301)
at org.testng.internal.TestMethodWorker.invokeBeforeClassMethods(TestMethodWorker.java:176)
at org.testng.internal.TestMethodWorker.run(TestMethodWorker.java:122)
at java.util.ArrayList.forEach(ArrayList.java:1257)
at org.testng.TestRunner.privateRun(TestRunner.java:764)
at org.testng.TestRunner.run(TestRunner.java:585)
at org.testng.SuiteRunner.runTest(SuiteRunner.java:384)
at org.testng.SuiteRunner.access$000(SuiteRunner.java:28)
at org.testng.SuiteRunner$SuiteWorker.run(SuiteRunner.java:425)
at org.testng.internal.thread.ThreadUtil.lambda$execute$0(ThreadUtil.java:66)
at java.util.concurrent.FutureTask.run(FutureTask.java:266)
at java.util.concurrent.ThreadPoolExecutor.runWorker(ThreadPoolExecutor.java:1149)
at java.util.concurrent.ThreadPoolExecutor$Worker.run(ThreadPoolExecutor.java:624)
at java.lang.Thread.run(Thread.java:748)
]]>
            </full-stacktrace>
          </exception> <!-- org.testng.TestNGException -->
          <reporter-output>
          </reporter-output>
        </test-method> <!-- createOrganizationTest -->
        <test-method status="SKIP" signature="configAfterMethod()[pri:0, instance:com.crm.comcast.organizationtest.CreateOrgTest@536aaa8d]" name="configAfterMethod" is-config="true" duration-ms="-1614411921494" started-at="2021-02-27T13:15:21 IST" finished-at="1970-01-01T05:30:00 IST">
          <reporter-output>
          </reporter-output>
        </test-method> <!-- configAfterMethod -->
        <test-method status="SKIP" signature="configBeforeMtd()[pri:0, instance:com.crm.comcast.organizationtest.CreateOrgTest@536aaa8d]" name="configBeforeMtd" is-config="true" duration-ms="-1614411921498" started-at="2021-02-27T13:15:21 IST" finished-at="1970-01-01T05:30:00 IST">
          <reporter-output>
          </reporter-output>
        </test-method> <!-- configBeforeMtd -->
        <test-method status="SKIP" signature="createOrganizationWithIndustryTest()[pri:0, instance:com.crm.comcast.organizationtest.CreateOrgTest@536aaa8d]" name="createOrganizationWithIndustryTest" duration-ms="0" started-at="2021-02-27T13:15:21 IST" finished-at="2021-02-27T13:15:21 IST">
          <exception class="org.testng.TestNGException">
            <message>
              <![CDATA[
Parameter 'BROWSER' is required by BeforeClass on method configBeforeClassParllel but has not been marked @Optional or defined
in C:\Users\Deepak\git\repository6\SDET_10-Selenium\testng_distrubuted_parallel.xml]]>
            </message>
            <full-stacktrace>
              <![CDATA[org.testng.TestNGException: 
Parameter 'BROWSER' is required by BeforeClass on method configBeforeClassParllel but has not been marked @Optional or defined
in C:\Users\Deepak\git\repository6\SDET_10-Selenium\testng_distrubuted_parallel.xml
at org.testng.internal.Parameters.createParams(Parameters.java:268)
at org.testng.internal.Parameters.createParametersForMethod(Parameters.java:356)
at org.testng.internal.Parameters.createParameters(Parameters.java:700)
at org.testng.internal.Parameters.createConfigurationParameters(Parameters.java:166)
at org.testng.internal.ConfigInvoker.invokeConfigurations(ConfigInvoker.java:301)
at org.testng.internal.TestMethodWorker.invokeBeforeClassMethods(TestMethodWorker.java:176)
at org.testng.internal.TestMethodWorker.run(TestMethodWorker.java:122)
at java.util.ArrayList.forEach(ArrayList.java:1257)
at org.testng.TestRunner.privateRun(TestRunner.java:764)
at org.testng.TestRunner.run(TestRunner.java:585)
at org.testng.SuiteRunner.runTest(SuiteRunner.java:384)
at org.testng.SuiteRunner.access$000(SuiteRunner.java:28)
at org.testng.SuiteRunner$SuiteWorker.run(SuiteRunner.java:425)
at org.testng.internal.thread.ThreadUtil.lambda$execute$0(ThreadUtil.java:66)
at java.util.concurrent.FutureTask.run(FutureTask.java:266)
at java.util.concurrent.ThreadPoolExecutor.runWorker(ThreadPoolExecutor.java:1149)
at java.util.concurrent.ThreadPoolExecutor$Worker.run(ThreadPoolExecutor.java:624)
at java.lang.Thread.run(Thread.java:748)
]]>
            </full-stacktrace>
          </exception> <!-- org.testng.TestNGException -->
          <reporter-output>
          </reporter-output>
        </test-method> <!-- createOrganizationWithIndustryTest -->
        <test-method status="SKIP" signature="configAfterMethod()[pri:0, instance:com.crm.comcast.organizationtest.CreateOrgTest@536aaa8d]" name="configAfterMethod" is-config="true" duration-ms="-1614411921502" started-at="2021-02-27T13:15:21 IST" finished-at="1970-01-01T05:30:00 IST">
          <reporter-output>
          </reporter-output>
        </test-method> <!-- configAfterMethod -->
        <test-method status="SKIP" signature="configAfterClass()[pri:0, instance:com.crm.comcast.organizationtest.CreateOrgTest@536aaa8d]" name="configAfterClass" is-config="true" duration-ms="-1614411921504" started-at="2021-02-27T13:15:21 IST" finished-at="1970-01-01T05:30:00 IST">
          <reporter-output>
          </reporter-output>
        </test-method> <!-- configAfterClass -->
      </class> <!-- com.crm.comcast.organizationtest.CreateOrgTest -->
    </test> <!-- Test-Runner-1 -->
  </suite> <!-- Suite -->
</testng-results>
